#
# A fatal error has been detected by the Java Runtime Environment:
#
#  EXCEPTION_IN_PAGE_ERROR (0xc0000006) at pc=0x0000000068771a2d, pid=1780, tid=0x0000000000000f3c
#
# JRE version: OpenJDK Runtime Environment (8.0_112-b06) (build 1.8.0_112-release-b06)
# Java VM: OpenJDK 64-Bit Server VM (25.112-b06 mixed mode windows-amd64 compressed oops)
# Problematic frame:
# V  [jvm.dll+0x1a2d]
#
# Failed to write core dump. Minidumps are not enabled by default on client versions of Windows
#
# If you would like to submit a bug report, please visit:
#   http://bugreport.java.com/bugreport/crash.jsp
#

---------------  T H R E A D  ---------------

Current thread (0x000000000230f000):  GCTaskThread [stack: 0x00000000125e0000,0x00000000126e0000] [id=3900]

siginfo: ExceptionCode=0xc0000006, ExceptionInformation=0x0000000000000001 0x00000000f9e46958 0x00000000c0000185 

Registers:
RAX=0x00000000e62e1b70, RBX=0x00000000e62e1b58, RCX=0x00000000e62e1b58, RDX=0x0000000068770000
RSP=0x00000000126df5a0, RBP=0x0000000000000003, RSI=0x00000000566356c0, RDI=0x00000000f9e46948
R8 =0x0000000000000003, R9 =0x00000000f9e46948, R10=0x0000000000000008, R11=0x00000000f9e4e938
R12=0x0000000068d55138, R13=0x0000000000000005, R14=0x0000000000000000, R15=0x000000000230f730
RIP=0x0000000068771a2d, EFLAGS=0x0000000000010202

Top of Stack: (sp=0x00000000126df5a0)
0x00000000126df5a0:   0000000000000000 0000000056635600
0x00000000126df5b0:   0000000000000005 0000000068d55138
0x00000000126df5c0:   0000000000000000 0000000068b3acf6
0x00000000126df5d0:   00000000e62e1b58 0000000000000003
0x00000000126df5e0:   00000000566356c0 0000000068b3bb35
0x00000000126df5f0:   00000000f9e46948 0000000000001000
0x00000000126df600:   00000000643fe820 00000000643fe824
0x00000000126df610:   0000000000000000 000000000230a600
0x00000000126df620:   0000000068d55138 0000000068b3af90
0x00000000126df630:   00000000f9e2691c 0000000000000000
0x00000000126df640:   00000000566356c0 00000000566356c0
0x00000000126df650:   00000000f9e2691c 0000000068b3bb35
0x00000000126df660:   00000000e63aec78 0000000000000000
0x00000000126df670:   00000000566356c0 00000000a7180008
0x00000000126df680:   00000000a7180008 03030000fffffcff
0x00000000126df690:   0303030303030303 0000030303030303 

Instructions: (pc=0x0000000068771a2d)
0x0000000068771a0d:   49 89 41 30 48 8b 41 28 49 89 41 28 48 8b 41 20
0x0000000068771a1d:   49 89 41 20 48 8b 41 18 49 89 41 18 48 8b 41 10
0x0000000068771a2d:   49 89 41 10 48 8b 41 08 49 89 41 08 48 8b 01 49
0x0000000068771a3d:   89 01 48 83 c4 28 c3 48 8b d1 49 c1 e0 03 49 8b 


Register to memory mapping:

RAX=0x00000000e62e1b70 is an oop
[Ljava.lang.Object; 
 - klass: 'java/lang/Object'[]
 - length: 2
RBX=0x00000000e62e1b58 is an oop
com.android.dx.rop.code.InsnList 
 - klass: 'com/android/dx/rop/code/InsnList'
RCX=0x00000000e62e1b58 is an oop
com.android.dx.rop.code.InsnList 
 - klass: 'com/android/dx/rop/code/InsnList'
RDX=0x0000000068770000 is an unknown value
RSP=0x00000000126df5a0 is an unknown value
RBP=0x0000000000000003 is an unknown value
RSI=0x00000000566356c0 is an unknown value
RDI=